{"meta": {"format": 3, "version": "7.12.0", "timestamp": "2025-12-09T00:58:00.777747", "branch_coverage": false, "show_contexts": false}, "files": {"graph/__init__.py": {"executed_lines": [1], "summary": {"covered_lines": 0, "num_statements": 0, "percent_covered": 100.0, "percent_covered_display": "100", "missing_lines": 0, "excluded_lines": 0, "percent_statements_covered": 100.0, "percent_statements_covered_display": "100"}, "missing_lines": [], "excluded_lines": [], "functions": {"": {"executed_lines": [1], "summary": {"covered_lines": 0, "num_statements": 0, "percent_covered": 100.0, "percent_covered_display": "100", "missing_lines": 0, "excluded_lines": 0, "percent_statements_covered": 100.0, "percent_statements_covered_display": "100"}, "missing_lines": [], "excluded_lines": []}}, "classes": {"": {"executed_lines": [1], "summary": {"covered_lines": 0, "num_statements": 0, "percent_covered": 100.0, "percent_covered_display": "100", "missing_lines": 0, "excluded_lines": 0, "percent_statements_covered": 100.0, "percent_statements_covered_display": "100"}, "missing_lines": [], "excluded_lines": []}}}, "graph/builder.py": {"executed_lines": [1, 3, 4, 6, 8, 11, 12, 14, 33, 34, 35, 36, 37, 38, 39, 40, 43, 44, 46, 63, 70, 73, 74, 75, 80, 81, 82, 83, 84, 86, 87, 90, 94, 100], "summary": {"covered_lines": 32, "num_statements": 32, "percent_covered": 100.0, "percent_covered_display": "100", "missing_lines": 0, "excluded_lines": 0, "percent_statements_covered": 100.0, "percent_statements_covered_display": "100"}, "missing_lines": [], "excluded_lines": [], "functions": {"LineageGraphBuilder._convert_to_nodes": {"executed_lines": [33, 34, 35, 36, 37, 38, 39, 40, 43, 44], "summary": {"covered_lines": 10, "num_statements": 10, "percent_covered": 100.0, "percent_covered_display": "100", "missing_lines": 0, "excluded_lines": 0, "percent_statements_covered": 100.0, "percent_statements_covered_display": "100"}, "missing_lines": [], "excluded_lines": []}, "LineageGraphBuilder.build_from_data": {"executed_lines": [63, 70, 73, 74, 75, 80, 81, 82, 83, 84, 86, 87, 90, 94, 100], "summary": {"covered_lines": 15, "num_statements": 15, "percent_covered": 100.0, "percent_covered_display": "100", "missing_lines": 0, "excluded_lines": 0, "percent_statements_covered": 100.0, "percent_statements_covered_display": "100"}, "missing_lines": [], "excluded_lines": []}, "": {"executed_lines": [1, 3, 4, 6, 8, 11, 12, 14, 46], "summary": {"covered_lines": 7, "num_statements": 7, "percent_covered": 100.0, "percent_covered_display": "100", "missing_lines": 0, "excluded_lines": 0, "percent_statements_covered": 100.0, "percent_statements_covered_display": "100"}, "missing_lines": [], "excluded_lines": []}}, "classes": {"LineageGraphBuilder": {"executed_lines": [33, 34, 35, 36, 37, 38, 39, 40, 43, 44, 63, 70, 73, 74, 75, 80, 81, 82, 83, 84, 86, 87, 90, 94, 100], "summary": {"covered_lines": 25, "num_statements": 25, "percent_covered": 100.0, "percent_covered_display": "100", "missing_lines": 0, "excluded_lines": 0, "percent_statements_covered": 100.0, "percent_statements_covered_display": "100"}, "missing_lines": [], "excluded_lines": []}, "": {"executed_lines": [1, 3, 4, 6, 8, 11, 12, 14, 46], "summary": {"covered_lines": 7, "num_statements": 7, "percent_covered": 100.0, "percent_covered_display": "100", "missing_lines": 0, "excluded_lines": 0, "percent_statements_covered": 100.0, "percent_statements_covered_display": "100"}, "missing_lines": [], "excluded_lines": []}}}, "graph/models.py": {"executed_lines": [1, 3, 4, 7, 8, 10, 11, 12, 13, 14, 15, 16, 17, 18, 19, 20, 23, 24, 26, 27, 28, 29, 32, 33, 35, 36, 37, 38, 39, 40, 43, 44, 46, 47, 48, 49], "summary": {"covered_lines": 31, "num_statements": 31, "percent_covered": 100.0, "percent_covered_display": "100", "missing_lines": 0, "excluded_lines": 0, "percent_statements_covered": 100.0, "percent_statements_covered_display": "100"}, "missing_lines": [], "excluded_lines": [], "functions": {"": {"executed_lines": [1, 3, 4, 7, 8, 10, 11, 12, 13, 14, 15, 16, 17, 18, 19, 20, 23, 24, 26, 27, 28, 29, 32, 33, 35, 36, 37, 38, 39, 40, 43, 44, 46, 47, 48, 49], "summary": {"covered_lines": 31, "num_statements": 31, "percent_covered": 100.0, "percent_covered_display": "100", "missing_lines": 0, "excluded_lines": 0, "percent_statements_covered": 100.0, "percent_statements_covered_display": "100"}, "missing_lines": [], "excluded_lines": []}}, "classes": {"ModelNode": {"executed_lines": [], "summary": {"covered_lines": 0, "num_statements": 0, "percent_covered": 100.0, "percent_covered_display": "100", "missing_lines": 0, "excluded_lines": 0, "percent_statements_covered": 100.0, "percent_statements_covered_display": "100"}, "missing_lines": [], "excluded_lines": []}, "DatasetNode": {"executed_lines": [], "summary": {"covered_lines": 0, "num_statements": 0, "percent_covered": 100.0, "percent_covered_display": "100", "missing_lines": 0, "excluded_lines": 0, "percent_statements_covered": 100.0, "percent_statements_covered_display": "100"}, "missing_lines": [], "excluded_lines": []}, "Relationship": {"executed_lines": [], "summary": {"covered_lines": 0, "num_statements": 0, "percent_covered": 100.0, "percent_covered_display": "100", "missing_lines": 0, "excluded_lines": 0, "percent_statements_covered": 100.0, "percent_statements_covered_display": "100"}, "missing_lines": [], "excluded_lines": []}, "GraphData": {"executed_lines": [], "summary": {"covered_lines": 0, "num_statements": 0, "percent_covered": 100.0, "percent_covered_display": "100", "missing_lines": 0, "excluded_lines": 0, "percent_statements_covered": 100.0, "percent_statements_covered_display": "100"}, "missing_lines": [], "excluded_lines": []}, "": {"executed_lines": [1, 3, 4, 7, 8, 10, 11, 12, 13, 14, 15, 16, 17, 18, 19, 20, 23, 24, 26, 27, 28, 29, 32, 33, 35, 36, 37, 38, 39, 40, 43, 44, 46, 47, 48, 49], "summary": {"covered_lines": 31, "num_statements": 31, "percent_covered": 100.0, "percent_covered_display": "100", "missing_lines": 0, "excluded_lines": 0, "percent_statements_covered": 100.0, "percent_statements_covered_display": "100"}, "missing_lines": [], "excluded_lines": []}}}, "graph/neo4j_client.py": {"executed_lines": [1, 3, 4, 5, 7, 8, 10, 13, 14, 16, 17, 18, 20, 22, 23, 27, 28, 33, 35, 36, 37, 39, 41, 42, 43, 45, 47, 61, 62, 64, 66, 73, 74, 76, 79, 80, 82, 85, 90, 92, 98, 100, 101, 102, 104, 110, 111, 113, 115, 122, 123, 126, 127, 130, 131, 132, 133, 134, 138, 140, 151, 157, 158, 159, 161, 163, 165, 176, 177, 178, 179, 180, 181, 183, 185], "summary": {"covered_lines": 73, "num_statements": 76, "percent_covered": 96.05263157894737, "percent_covered_display": "96", "missing_lines": 3, "excluded_lines": 0, "percent_statements_covered": 96.05263157894737, "percent_statements_covered_display": "96"}, "missing_lines": [29, 30, 31], "excluded_lines": [], "functions": {"Neo4jClient.__init__": {"executed_lines": [17, 18], "summary": {"covered_lines": 2, "num_statements": 2, "percent_covered": 100.0, "percent_covered_display": "100", "missing_lines": 0, "excluded_lines": 0, "percent_statements_covered": 100.0, "percent_statements_covered_display": "100"}, "missing_lines": [], "excluded_lines": []}, "Neo4jClient._connect": {"executed_lines": [22, 23, 27, 28], "summary": {"covered_lines": 4, "num_statements": 7, "percent_covered": 57.142857142857146, "percent_covered_display": "57", "missing_lines": 3, "excluded_lines": 0, "percent_statements_covered": 57.142857142857146, "percent_statements_covered_display": "57"}, "missing_lines": [29, 30, 31], "excluded_lines": []}, "Neo4jClient.close": {"executed_lines": [35, 36, 37], "summary": {"covered_lines": 3, "num_statements": 3, "percent_covered": 100.0, "percent_covered_display": "100", "missing_lines": 0, "excluded_lines": 0, "percent_statements_covered": 100.0, "percent_statements_covered_display": "100"}, "missing_lines": [], "excluded_lines": []}, "Neo4jClient.clear_database": {"executed_lines": [41, 42, 43], "summary": {"covered_lines": 3, "num_statements": 3, "percent_covered": 100.0, "percent_covered_display": "100", "missing_lines": 0, "excluded_lines": 0, "percent_statements_covered": 100.0, "percent_statements_covered_display": "100"}, "missing_lines": [], "excluded_lines": []}, "Neo4jClient.create_model_node": {"executed_lines": [47, 61, 62], "summary": {"covered_lines": 3, "num_statements": 3, "percent_covered": 100.0, "percent_covered_display": "100", "missing_lines": 0, "excluded_lines": 0, "percent_statements_covered": 100.0, "percent_statements_covered_display": "100"}, "missing_lines": [], "excluded_lines": []}, "Neo4jClient.create_dataset_node": {"executed_lines": [66, 73, 74], "summary": {"covered_lines": 3, "num_statements": 3, "percent_covered": 100.0, "percent_covered_display": "100", "missing_lines": 0, "excluded_lines": 0, "percent_statements_covered": 100.0, "percent_statements_covered_display": "100"}, "missing_lines": [], "excluded_lines": []}, "Neo4jClient.create_relationship": {"executed_lines": [79, 80, 82, 85, 90, 92, 98, 100, 101, 102, 104, 110, 111], "summary": {"covered_lines": 13, "num_statements": 13, "percent_covered": 100.0, "percent_covered_display": "100", "missing_lines": 0, "excluded_lines": 0, "percent_statements_covered": 100.0, "percent_statements_covered_display": "100"}, "missing_lines": [], "excluded_lines": []}, "Neo4jClient.load_graph": {"executed_lines": [115, 122, 123, 126, 127, 130, 131, 132, 133, 134, 138], "summary": {"covered_lines": 11, "num_statements": 11, "percent_covered": 100.0, "percent_covered_display": "100", "missing_lines": 0, "excluded_lines": 0, "percent_statements_covered": 100.0, "percent_statements_covered_display": "100"}, "missing_lines": [], "excluded_lines": []}, "Neo4jClient.get_model_lineage": {"executed_lines": [151, 157, 158, 159, 161], "summary": {"covered_lines": 5, "num_statements": 5, "percent_covered": 100.0, "percent_covered_display": "100", "missing_lines": 0, "excluded_lines": 0, "percent_statements_covered": 100.0, "percent_statements_covered_display": "100"}, "missing_lines": [], "excluded_lines": []}, "Neo4jClient.get_statistics": {"executed_lines": [165, 176, 177, 178, 179, 180, 181, 183, 185], "summary": {"covered_lines": 9, "num_statements": 9, "percent_covered": 100.0, "percent_covered_display": "100", "missing_lines": 0, "excluded_lines": 0, "percent_statements_covered": 100.0, "percent_statements_covered_display": "100"}, "missing_lines": [], "excluded_lines": []}, "": {"executed_lines": [1, 3, 4, 5, 7, 8, 10, 13, 14, 16, 20, 33, 39, 45, 64, 76, 113, 140, 163], "summary": {"covered_lines": 17, "num_statements": 17, "percent_covered": 100.0, "percent_covered_display": "100", "missing_lines": 0, "excluded_lines": 0, "percent_statements_covered": 100.0, "percent_statements_covered_display": "100"}, "missing_lines": [], "excluded_lines": []}}, "classes": {"Neo4jClient": {"executed_lines": [17, 18, 22, 23, 27, 28, 35, 36, 37, 41, 42, 43, 47, 61, 62, 66, 73, 74, 79, 80, 82, 85, 90, 92, 98, 100, 101, 102, 104, 110, 111, 115, 122, 123, 126, 127, 130, 131, 132, 133, 134, 138, 151, 157, 158, 159, 161, 165, 176, 177, 178, 179, 180, 181, 183, 185], "summary": {"covered_lines": 56, "num_statements": 59, "percent_covered": 94.91525423728814, "percent_covered_display": "95", "missing_lines": 3, "excluded_lines": 0, "percent_statements_covered": 94.91525423728814, "percent_statements_covered_display": "95"}, "missing_lines": [29, 30, 31], "excluded_lines": []}, "": {"executed_lines": [1, 3, 4, 5, 7, 8, 10, 13, 14, 16, 20, 33, 39, 45, 64, 76, 113, 140, 163], "summary": {"covered_lines": 17, "num_statements": 17, "percent_covered": 100.0, "percent_covered_display": "100", "missing_lines": 0, "excluded_lines": 0, "percent_statements_covered": 100.0, "percent_statements_covered_display": "100"}, "missing_lines": [], "excluded_lines": []}}}, "lineage_scraper.py": {"executed_lines": [1, 11, 12, 13, 14, 16, 17, 18, 19, 21, 24, 27, 29, 30, 31, 34, 38, 40, 41, 44, 47, 48, 49, 52, 53, 60, 62, 65, 66, 67, 68, 79, 85, 88, 91, 93, 96, 97, 99, 102, 107, 108, 110, 116, 119, 121, 123, 125, 126, 127, 128, 130, 133, 134, 135, 136, 137, 140, 143, 154, 248], "summary": {"covered_lines": 60, "num_statements": 112, "percent_covered": 53.57142857142857, "percent_covered_display": "54", "missing_lines": 52, "excluded_lines": 0, "percent_statements_covered": 53.57142857142857, "percent_statements_covered_display": "54"}, "missing_lines": [54, 55, 58, 80, 81, 82, 83, 100, 103, 104, 145, 147, 148, 150, 151, 155, 174, 175, 180, 181, 184, 185, 190, 196, 202, 206, 209, 210, 211, 212, 213, 215, 216, 217, 219, 220, 223, 224, 227, 228, 229, 232, 233, 234, 235, 238, 239, 241, 243, 244, 245, 249], "excluded_lines": [], "functions": {"_log_section": {"executed_lines": [29, 30, 31], "summary": {"covered_lines": 3, "num_statements": 3, "percent_covered": 100.0, "percent_covered_display": "100", "missing_lines": 0, "excluded_lines": 0, "percent_statements_covered": 100.0, "percent_statements_covered_display": "100"}, "missing_lines": [], "excluded_lines": []}, "scrape_models": {"executed_lines": [38, 40, 41, 44, 47, 48, 49, 52, 53, 60, 62, 65, 66, 67, 68, 79, 85, 88], "summary": {"covered_lines": 18, "num_statements": 25, "percent_covered": 72.0, "percent_covered_display": "72", "missing_lines": 7, "excluded_lines": 0, "percent_statements_covered": 72.0, "percent_statements_covered_display": "72"}, "missing_lines": [54, 55, 58, 80, 81, 82, 83], "excluded_lines": []}, "build_graph": {"executed_lines": [93, 96, 97, 99, 102, 107, 108, 110, 116], "summary": {"covered_lines": 9, "num_statements": 12, "percent_covered": 75.0, "percent_covered_display": "75", "missing_lines": 3, "excluded_lines": 0, "percent_statements_covered": 75.0, "percent_statements_covered_display": "75"}, "missing_lines": [100, 103, 104], "excluded_lines": []}, "load_to_neo4j": {"executed_lines": [121, 123, 125, 126, 127, 128, 130, 133, 134, 135, 136, 137, 140], "summary": {"covered_lines": 13, "num_statements": 13, "percent_covered": 100.0, "percent_covered_display": "100", "missing_lines": 0, "excluded_lines": 0, "percent_statements_covered": 100.0, "percent_statements_covered_display": "100"}, "missing_lines": [], "excluded_lines": []}, "commit_data": {"executed_lines": [], "summary": {"covered_lines": 0, "num_statements": 5, "percent_covered": 0.0, "percent_covered_display": "0", "missing_lines": 5, "excluded_lines": 0, "percent_statements_covered": 0.0, "percent_statements_covered_display": "0"}, "missing_lines": [145, 147, 148, 150, 151], "excluded_lines": []}, "main": {"executed_lines": [], "summary": {"covered_lines": 0, "num_statements": 36, "percent_covered": 0.0, "percent_covered_display": "0", "missing_lines": 36, "excluded_lines": 0, "percent_statements_covered": 0.0, "percent_statements_covered_display": "0"}, "missing_lines": [155, 174, 175, 180, 181, 184, 185, 190, 196, 202, 206, 209, 210, 211, 212, 213, 215, 216, 217, 219, 220, 223, 224, 227, 228, 229, 232, 233, 234, 235, 238, 239, 241, 243, 244, 245], "excluded_lines": []}, "": {"executed_lines": [1, 11, 12, 13, 14, 16, 17, 18, 19, 21, 24, 27, 34, 91, 119, 143, 154, 248], "summary": {"covered_lines": 17, "num_statements": 18, "percent_covered": 94.44444444444444, "percent_covered_display": "94", "missing_lines": 1, "excluded_lines": 0, "percent_statements_covered": 94.44444444444444, "percent_statements_covered_display": "94"}, "missing_lines": [249], "excluded_lines": []}}, "classes": {"": {"executed_lines": [1, 11, 12, 13, 14, 16, 17, 18, 19, 21, 24, 27, 29, 30, 31, 34, 38, 40, 41, 44, 47, 48, 49, 52, 53, 60, 62, 65, 66, 67, 68, 79, 85, 88, 91, 93, 96, 97, 99, 102, 107, 108, 110, 116, 119, 121, 123, 125, 126, 127, 128, 130, 133, 134, 135, 136, 137, 140, 143, 154, 248], "summary": {"covered_lines": 60, "num_statements": 112, "percent_covered": 53.57142857142857, "percent_covered_display": "54", "missing_lines": 52, "excluded_lines": 0, "percent_statements_covered": 53.57142857142857, "percent_statements_covered_display": "54"}, "missing_lines": [54, 55, 58, 80, 81, 82, 83, 100, 103, 104, 145, 147, 148, 150, 151, 155, 174, 175, 180, 181, 184, 185, 190, 196, 202, 206, 209, 210, 211, 212, 213, 215, 216, 217, 219, 220, 223, 224, 227, 228, 229, 232, 233, 234, 235, 238, 239, 241, 243, 244, 245, 249], "excluded_lines": []}}}, "scrapers/__init__.py": {"executed_lines": [1], "summary": {"covered_lines": 0, "num_statements": 0, "percent_covered": 100.0, "percent_covered_display": "100", "missing_lines": 0, "excluded_lines": 0, "percent_statements_covered": 100.0, "percent_statements_covered_display": "100"}, "missing_lines": [], "excluded_lines": [], "functions": {"": {"executed_lines": [1], "summary": {"covered_lines": 0, "num_statements": 0, "percent_covered": 100.0, "percent_covered_display": "100", "missing_lines": 0, "excluded_lines": 0, "percent_statements_covered": 100.0, "percent_statements_covered_display": "100"}, "missing_lines": [], "excluded_lines": []}}, "classes": {"": {"executed_lines": [1], "summary": {"covered_lines": 0, "num_statements": 0, "percent_covered": 100.0, "percent_covered_display": "100", "missing_lines": 0, "excluded_lines": 0, "percent_statements_covered": 100.0, "percent_statements_covered_display": "100"}, "missing_lines": [], "excluded_lines": []}}}, "scrapers/huggingface_scraper.py": {"executed_lines": [1, 3, 4, 5, 6, 7, 8, 9, 10, 11, 13, 15, 18, 19, 21, 22, 23, 24, 26, 103, 105, 106, 108, 123, 132, 140, 148, 149, 151, 153, 155, 157, 161, 162, 170, 172, 181, 182, 183, 186, 190, 192, 193, 198, 205, 206, 215, 217, 230, 232, 233, 235, 237, 238, 240, 242, 243, 246, 247, 248, 251, 252, 255, 261, 267, 270, 272, 274, 275, 277, 286, 293, 295, 296, 297, 298, 299, 301, 302, 304, 309, 322, 324, 325, 329, 331, 332, 334, 335, 336, 337, 347, 348, 372, 374, 376, 377, 379, 380, 382, 388, 390, 393, 395, 397, 401, 403, 410, 411, 412, 413, 414, 416, 417, 418, 419, 420, 421, 423, 424, 427, 428, 429, 430, 432, 434, 441, 444, 454, 455, 458, 459, 460, 463, 464, 465, 468, 469, 471, 473, 485, 486, 487, 488, 489, 490, 491, 492], "summary": {"covered_lines": 146, "num_statements": 207, "percent_covered": 70.53140096618357, "percent_covered_display": "71", "missing_lines": 61, "excluded_lines": 0, "percent_statements_covered": 70.53140096618357, "percent_statements_covered_display": "71"}, "missing_lines": [38, 40, 41, 42, 43, 46, 47, 53, 54, 57, 58, 59, 60, 63, 64, 65, 66, 67, 72, 73, 78, 79, 80, 81, 82, 83, 84, 88, 90, 91, 92, 94, 95, 96, 98, 101, 167, 168, 256, 257, 263, 264, 265, 326, 349, 350, 351, 352, 353, 354, 355, 356, 364, 365, 367, 368, 391, 396, 398, 399, 422], "excluded_lines": [], "functions": {"HuggingFaceScraper.__init__": {"executed_lines": [22, 23, 24], "summary": {"covered_lines": 3, "num_statements": 3, "percent_covered": 100.0, "percent_covered_display": "100", "missing_lines": 0, "excluded_lines": 0, "percent_statements_covered": 100.0, "percent_statements_covered_display": "100"}, "missing_lines": [], "excluded_lines": []}, "HuggingFaceScraper.scrape_all_models": {"executed_lines": [], "summary": {"covered_lines": 0, "num_statements": 36, "percent_covered": 0.0, "percent_covered_display": "0", "missing_lines": 36, "excluded_lines": 0, "percent_statements_covered": 0.0, "percent_statements_covered_display": "0"}, "missing_lines": [38, 40, 41, 42, 43, 46, 47, 53, 54, 57, 58, 59, 60, 63, 64, 65, 66, 67, 72, 73, 78, 79, 80, 81, 82, 83, 84, 88, 90, 91, 92, 94, 95, 96, 98, 101], "excluded_lines": []}, "HuggingFaceScraper._extract_model_info": {"executed_lines": [105, 106, 108], "summary": {"covered_lines": 3, "num_statements": 3, "percent_covered": 100.0, "percent_covered_display": "100", "missing_lines": 0, "excluded_lines": 0, "percent_statements_covered": 100.0, "percent_statements_covered_display": "100"}, "missing_lines": [], "excluded_lines": []}, "HuggingFaceScraper._create_relationship": {"executed_lines": [132], "summary": {"covered_lines": 1, "num_statements": 1, "percent_covered": 100.0, "percent_covered_display": "100", "missing_lines": 0, "excluded_lines": 0, "percent_statements_covered": 100.0, "percent_statements_covered_display": "100"}, "missing_lines": [], "excluded_lines": []}, "HuggingFaceScraper._extract_relationships": {"executed_lines": [148, 149, 151, 153, 155, 157, 161, 162, 170], "summary": {"covered_lines": 9, "num_statements": 11, "percent_covered": 81.81818181818181, "percent_covered_display": "82", "missing_lines": 2, "excluded_lines": 0, "percent_statements_covered": 81.81818181818181, "percent_statements_covered_display": "82"}, "missing_lines": [167, 168], "excluded_lines": []}, "HuggingFaceScraper._extract_dataset_relationships_from_model": {"executed_lines": [181, 182, 183, 186, 190, 192, 193, 198, 205, 206, 215], "summary": {"covered_lines": 11, "num_statements": 11, "percent_covered": 100.0, "percent_covered_display": "100", "missing_lines": 0, "excluded_lines": 0, "percent_statements_covered": 100.0, "percent_statements_covered_display": "100"}, "missing_lines": [], "excluded_lines": []}, "HuggingFaceScraper.scrape_datasets": {"executed_lines": [230, 232, 233, 235, 237, 238, 240, 242, 243, 246, 247, 248, 251, 252, 255, 261, 267, 270], "summary": {"covered_lines": 18, "num_statements": 23, "percent_covered": 78.26086956521739, "percent_covered_display": "78", "missing_lines": 5, "excluded_lines": 0, "percent_statements_covered": 78.26086956521739, "percent_statements_covered_display": "78"}, "missing_lines": [256, 257, 263, 264, 265], "excluded_lines": []}, "HuggingFaceScraper._extract_dataset_info": {"executed_lines": [274, 275, 277], "summary": {"covered_lines": 3, "num_statements": 3, "percent_covered": 100.0, "percent_covered_display": "100", "missing_lines": 0, "excluded_lines": 0, "percent_statements_covered": 100.0, "percent_statements_covered_display": "100"}, "missing_lines": [], "excluded_lines": []}, "HuggingFaceScraper._extract_relationships_from_dataset_card": {"executed_lines": [293, 295, 296, 297, 298, 299, 301, 302, 304, 309, 322, 324, 325, 329, 331, 332, 334, 335, 336, 337, 347, 348, 372], "summary": {"covered_lines": 23, "num_statements": 36, "percent_covered": 63.888888888888886, "percent_covered_display": "64", "missing_lines": 13, "excluded_lines": 0, "percent_statements_covered": 63.888888888888886, "percent_statements_covered_display": "64"}, "missing_lines": [326, 349, 350, 351, 352, 353, 354, 355, 356, 364, 365, 367, 368], "excluded_lines": []}, "HuggingFaceScraper._get_base_model_from_card": {"executed_lines": [376, 377, 379, 380, 382, 388, 390, 393, 395, 397, 401], "summary": {"covered_lines": 11, "num_statements": 15, "percent_covered": 73.33333333333333, "percent_covered_display": "73", "missing_lines": 4, "excluded_lines": 0, "percent_statements_covered": 73.33333333333333, "percent_statements_covered_display": "73"}, "missing_lines": [391, 396, 398, 399], "excluded_lines": []}, "HuggingFaceScraper._get_relationship_type_from_tree": {"executed_lines": [410, 411, 412, 413, 414, 416, 417, 418, 419, 420, 421, 423, 424, 427, 428, 429, 430, 432], "summary": {"covered_lines": 18, "num_statements": 19, "percent_covered": 94.73684210526316, "percent_covered_display": "95", "missing_lines": 1, "excluded_lines": 0, "percent_statements_covered": 94.73684210526316, "percent_statements_covered_display": "95"}, "missing_lines": [422], "excluded_lines": []}, "HuggingFaceScraper._infer_relationship_type_from_name": {"executed_lines": [441, 444, 454, 455, 458, 459, 460, 463, 464, 465, 468, 469, 471], "summary": {"covered_lines": 13, "num_statements": 13, "percent_covered": 100.0, "percent_covered_display": "100", "missing_lines": 0, "excluded_lines": 0, "percent_statements_covered": 100.0, "percent_statements_covered_display": "100"}, "missing_lines": [], "excluded_lines": []}, "HuggingFaceScraper.scrape_model_by_id": {"executed_lines": [485, 486, 487, 488, 489, 490, 491, 492], "summary": {"covered_lines": 8, "num_statements": 8, "percent_covered": 100.0, "percent_covered_display": "100", "missing_lines": 0, "excluded_lines": 0, "percent_statements_covered": 100.0, "percent_statements_covered_display": "100"}, "missing_lines": [], "excluded_lines": []}, "": {"executed_lines": [1, 3, 4, 5, 6, 7, 8, 9, 10, 11, 13, 15, 18, 19, 21, 26, 103, 123, 140, 172, 217, 272, 286, 374, 403, 434, 473], "summary": {"covered_lines": 25, "num_statements": 25, "percent_covered": 100.0, "percent_covered_display": "100", "missing_lines": 0, "excluded_lines": 0, "percent_statements_covered": 100.0, "percent_statements_covered_display": "100"}, "missing_lines": [], "excluded_lines": []}}, "classes": {"HuggingFaceScraper": {"executed_lines": [22, 23, 24, 105, 106, 108, 132, 148, 149, 151, 153, 155, 157, 161, 162, 170, 181, 182, 183, 186, 190, 192, 193, 198, 205, 206, 215, 230, 232, 233, 235, 237, 238, 240, 242, 243, 246, 247, 248, 251, 252, 255, 261, 267, 270, 274, 275, 277, 293, 295, 296, 297, 298, 299, 301, 302, 304, 309, 322, 324, 325, 329, 331, 332, 334, 335, 336, 337, 347, 348, 372, 376, 377, 379, 380, 382, 388, 390, 393, 395, 397, 401, 410, 411, 412, 413, 414, 416, 417, 418, 419, 420, 421, 423, 424, 427, 428, 429, 430, 432, 441, 444, 454, 455, 458, 459, 460, 463, 464, 465, 468, 469, 471, 485, 486, 487, 488, 489, 490, 491, 492], "summary": {"covered_lines": 121, "num_statements": 182, "percent_covered": 66.48351648351648, "percent_covered_display": "66", "missing_lines": 61, "excluded_lines": 0, "percent_statements_covered": 66.48351648351648, "percent_statements_covered_display": "66"}, "missing_lines": [38, 40, 41, 42, 43, 46, 47, 53, 54, 57, 58, 59, 60, 63, 64, 65, 66, 67, 72, 73, 78, 79, 80, 81, 82, 83, 84, 88, 90, 91, 92, 94, 95, 96, 98, 101, 167, 168, 256, 257, 263, 264, 265, 326, 349, 350, 351, 352, 353, 354, 355, 356, 364, 365, 367, 368, 391, 396, 398, 399, 422], "excluded_lines": []}, "": {"executed_lines": [1, 3, 4, 5, 6, 7, 8, 9, 10, 11, 13, 15, 18, 19, 21, 26, 103, 123, 140, 172, 217, 272, 286, 374, 403, 434, 473], "summary": {"covered_lines": 25, "num_statements": 25, "percent_covered": 100.0, "percent_covered_display": "100", "missing_lines": 0, "excluded_lines": 0, "percent_statements_covered": 100.0, "percent_statements_covered_display": "100"}, "missing_lines": [], "excluded_lines": []}}}, "storage/__init__.py": {"executed_lines": [1], "summary": {"covered_lines": 0, "num_statements": 0, "percent_covered": 100.0, "percent_covered_display": "100", "missing_lines": 0, "excluded_lines": 0, "percent_statements_covered": 100.0, "percent_statements_covered_display": "100"}, "missing_lines": [], "excluded_lines": [], "functions": {"": {"executed_lines": [1], "summary": {"covered_lines": 0, "num_statements": 0, "percent_covered": 100.0, "percent_covered_display": "100", "missing_lines": 0, "excluded_lines": 0, "percent_statements_covered": 100.0, "percent_statements_covered_display": "100"}, "missing_lines": [], "excluded_lines": []}}, "classes": {"": {"executed_lines": [1], "summary": {"covered_lines": 0, "num_statements": 0, "percent_covered": 100.0, "percent_covered_display": "100", "missing_lines": 0, "excluded_lines": 0, "percent_statements_covered": 100.0, "percent_statements_covered_display": "100"}, "missing_lines": [], "excluded_lines": []}}}, "storage/data_store.py": {"executed_lines": [1, 3, 4, 5, 6, 7, 8, 10, 12, 15, 16, 18, 19, 20, 22, 23, 24, 27, 28, 31, 33, 36, 37, 41, 42, 43, 44, 49, 51, 52, 53, 56, 59, 60, 61, 62, 63, 70, 76, 82, 87, 89, 90, 91, 92, 95, 96, 97, 99, 118, 119, 121, 122, 123, 125, 126, 128, 130, 131, 133, 137, 139, 143, 145, 153, 154, 158, 172, 173, 181, 187, 191, 193, 197, 200, 201, 202, 203, 205, 206, 208, 209, 211, 224, 225, 226, 228, 229, 232, 233, 234, 236, 238, 240, 242, 244, 246, 248, 251, 252, 253, 254, 257, 258, 259, 263, 266, 269, 273, 278, 279, 306, 308, 311, 313, 314, 315, 318, 321, 326, 327, 333, 339, 340, 341, 348, 356, 357, 360, 363, 364, 365, 366, 369, 370, 371, 372, 373, 374, 376, 377, 379, 384, 386, 387, 390, 393, 396, 398, 399, 400, 402, 403, 404, 407, 408, 414, 415], "summary": {"covered_lines": 156, "num_statements": 192, "percent_covered": 81.25, "percent_covered_display": "81", "missing_lines": 36, "excluded_lines": 0, "percent_statements_covered": 81.25, "percent_statements_covered_display": "81"}, "missing_lines": [38, 45, 47, 83, 84, 85, 198, 230, 268, 272, 275, 276, 282, 283, 284, 287, 290, 297, 298, 299, 301, 302, 303, 304, 309, 344, 345, 367, 368, 380, 381, 409, 410, 411, 412, 419], "excluded_lines": [], "functions": {"DVCDataStore.__init__": {"executed_lines": [19, 20, 22, 23, 24, 27, 28, 31], "summary": {"covered_lines": 8, "num_statements": 8, "percent_covered": 100.0, "percent_covered_display": "100", "missing_lines": 0, "excluded_lines": 0, "percent_statements_covered": 100.0, "percent_statements_covered_display": "100"}, "missing_lines": [], "excluded_lines": []}, "DVCDataStore._find_project_root": {"executed_lines": [36, 37, 41, 42, 43, 44], "summary": {"covered_lines": 6, "num_statements": 9, "percent_covered": 66.66666666666667, "percent_covered_display": "67", "missing_lines": 3, "excluded_lines": 0, "percent_statements_covered": 66.66666666666667, "percent_statements_covered_display": "67"}, "missing_lines": [38, 45, 47], "excluded_lines": []}, "DVCDataStore._ensure_dvc_init": {"executed_lines": [51, 52, 53, 56, 59, 60, 61, 62, 63, 70, 76, 82, 87, 89, 90, 91, 92, 95, 96, 97], "summary": {"covered_lines": 20, "num_statements": 23, "percent_covered": 86.95652173913044, "percent_covered_display": "87", "missing_lines": 3, "excluded_lines": 0, "percent_statements_covered": 86.95652173913044, "percent_statements_covered_display": "87"}, "missing_lines": [83, 84, 85], "excluded_lines": []}, "DVCDataStore._save_data": {"executed_lines": [118, 119, 121, 122, 123, 125, 126, 128, 130, 131], "summary": {"covered_lines": 10, "num_statements": 10, "percent_covered": 100.0, "percent_covered_display": "100", "missing_lines": 0, "excluded_lines": 0, "percent_statements_covered": 100.0, "percent_statements_covered_display": "100"}, "missing_lines": [], "excluded_lines": []}, "DVCDataStore.save_scraped_models": {"executed_lines": [137], "summary": {"covered_lines": 1, "num_statements": 1, "percent_covered": 100.0, "percent_covered_display": "100", "missing_lines": 0, "excluded_lines": 0, "percent_statements_covered": 100.0, "percent_statements_covered_display": "100"}, "missing_lines": [], "excluded_lines": []}, "DVCDataStore.save_scraped_datasets": {"executed_lines": [143], "summary": {"covered_lines": 1, "num_statements": 1, "percent_covered": 100.0, "percent_covered_display": "100", "missing_lines": 0, "excluded_lines": 0, "percent_statements_covered": 100.0, "percent_statements_covered_display": "100"}, "missing_lines": [], "excluded_lines": []}, "DVCDataStore.save_relationships": {"executed_lines": [153, 154], "summary": {"covered_lines": 2, "num_statements": 2, "percent_covered": 100.0, "percent_covered_display": "100", "missing_lines": 0, "excluded_lines": 0, "percent_statements_covered": 100.0, "percent_statements_covered_display": "100"}, "missing_lines": [], "excluded_lines": []}, "DVCDataStore.filter_relationships": {"executed_lines": [172, 173, 181, 187, 191], "summary": {"covered_lines": 5, "num_statements": 5, "percent_covered": 100.0, "percent_covered_display": "100", "missing_lines": 0, "excluded_lines": 0, "percent_statements_covered": 100.0, "percent_statements_covered_display": "100"}, "missing_lines": [], "excluded_lines": []}, "DVCDataStore.save_metadata": {"executed_lines": [197, 200, 201, 202, 203, 205, 206, 208, 209], "summary": {"covered_lines": 9, "num_statements": 10, "percent_covered": 90.0, "percent_covered_display": "90", "missing_lines": 1, "excluded_lines": 0, "percent_statements_covered": 90.0, "percent_statements_covered_display": "90"}, "missing_lines": [198], "excluded_lines": []}, "DVCDataStore._load_latest_file": {"executed_lines": [224, 225, 226, 228, 229, 232, 233, 234], "summary": {"covered_lines": 8, "num_statements": 9, "percent_covered": 88.88888888888889, "percent_covered_display": "89", "missing_lines": 1, "excluded_lines": 0, "percent_statements_covered": 88.88888888888889, "percent_statements_covered_display": "89"}, "missing_lines": [230], "excluded_lines": []}, "DVCDataStore.load_latest_models": {"executed_lines": [238], "summary": {"covered_lines": 1, "num_statements": 1, "percent_covered": 100.0, "percent_covered_display": "100", "missing_lines": 0, "excluded_lines": 0, "percent_statements_covered": 100.0, "percent_statements_covered_display": "100"}, "missing_lines": [], "excluded_lines": []}, "DVCDataStore.load_latest_relationships": {"executed_lines": [242], "summary": {"covered_lines": 1, "num_statements": 1, "percent_covered": 100.0, "percent_covered_display": "100", "missing_lines": 0, "excluded_lines": 0, "percent_statements_covered": 100.0, "percent_statements_covered_display": "100"}, "missing_lines": [], "excluded_lines": []}, "DVCDataStore._dvc_add": {"executed_lines": [246, 248, 251, 252, 253, 254, 257, 258, 259, 263, 266, 269, 273, 278, 279], "summary": {"covered_lines": 15, "num_statements": 31, "percent_covered": 48.38709677419355, "percent_covered_display": "48", "missing_lines": 16, "excluded_lines": 0, "percent_statements_covered": 48.38709677419355, "percent_statements_covered_display": "48"}, "missing_lines": [268, 272, 275, 276, 282, 283, 284, 287, 290, 297, 298, 299, 301, 302, 303, 304], "excluded_lines": []}, "DVCDataStore.commit_version": {"executed_lines": [308, 311, 313, 314, 315, 318, 321, 326, 327, 333, 339, 340, 341], "summary": {"covered_lines": 13, "num_statements": 16, "percent_covered": 81.25, "percent_covered_display": "81", "missing_lines": 3, "excluded_lines": 0, "percent_statements_covered": 81.25, "percent_statements_covered_display": "81"}, "missing_lines": [309, 344, 345], "excluded_lines": []}, "DVCDataStore.cleanup_old_files": {"executed_lines": [356, 357, 360, 363, 364, 365, 366, 369, 370, 371, 372, 373, 374, 376, 377, 379, 384, 386, 387, 390, 393, 396, 398, 399, 400, 402, 403, 404, 407, 408, 414, 415], "summary": {"covered_lines": 32, "num_statements": 41, "percent_covered": 78.04878048780488, "percent_covered_display": "78", "missing_lines": 9, "excluded_lines": 0, "percent_statements_covered": 78.04878048780488, "percent_statements_covered_display": "78"}, "missing_lines": [367, 368, 380, 381, 409, 410, 411, 412, 419], "excluded_lines": []}, "": {"executed_lines": [1, 3, 4, 5, 6, 7, 8, 10, 12, 15, 16, 18, 33, 49, 99, 133, 139, 145, 158, 193, 211, 236, 240, 244, 306, 348], "summary": {"covered_lines": 24, "num_statements": 24, "percent_covered": 100.0, "percent_covered_display": "100", "missing_lines": 0, "excluded_lines": 0, "percent_statements_covered": 100.0, "percent_statements_covered_display": "100"}, "missing_lines": [], "excluded_lines": []}}, "classes": {"DVCDataStore": {"executed_lines": [19, 20, 22, 23, 24, 27, 28, 31, 36, 37, 41, 42, 43, 44, 51, 52, 53, 56, 59, 60, 61, 62, 63, 70, 76, 82, 87, 89, 90, 91, 92, 95, 96, 97, 118, 119, 121, 122, 123, 125, 126, 128, 130, 131, 137, 143, 153, 154, 172, 173, 181, 187, 191, 197, 200, 201, 202, 203, 205, 206, 208, 209, 224, 225, 226, 228, 229, 232, 233, 234, 238, 242, 246, 248, 251, 252, 253, 254, 257, 258, 259, 263, 266, 269, 273, 278, 279, 308, 311, 313, 314, 315, 318, 321, 326, 327, 333, 339, 340, 341, 356, 357, 360, 363, 364, 365, 366, 369, 370, 371, 372, 373, 374, 376, 377, 379, 384, 386, 387, 390, 393, 396, 398, 399, 400, 402, 403, 404, 407, 408, 414, 415], "summary": {"covered_lines": 132, "num_statements": 168, "percent_covered": 78.57142857142857, "percent_covered_display": "79", "missing_lines": 36, "excluded_lines": 0, "percent_statements_covered": 78.57142857142857, "percent_statements_covered_display": "79"}, "missing_lines": [38, 45, 47, 83, 84, 85, 198, 230, 268, 272, 275, 276, 282, 283, 284, 287, 290, 297, 298, 299, 301, 302, 303, 304, 309, 344, 345, 367, 368, 380, 381, 409, 410, 411, 412, 419], "excluded_lines": []}, "": {"executed_lines": [1, 3, 4, 5, 6, 7, 8, 10, 12, 15, 16, 18, 33, 49, 99, 133, 139, 145, 158, 193, 211, 236, 240, 244, 306, 348], "summary": {"covered_lines": 24, "num_statements": 24, "percent_covered": 100.0, "percent_covered_display": "100", "missing_lines": 0, "excluded_lines": 0, "percent_statements_covered": 100.0, "percent_statements_covered_display": "100"}, "missing_lines": [], "excluded_lines": []}}}}, "totals": {"covered_lines": 498, "num_statements": 650, "percent_covered": 76.61538461538461, "percent_covered_display": "77", "missing_lines": 152, "excluded_lines": 0, "percent_statements_covered": 76.61538461538461, "percent_statements_covered_display": "77"}}
